Determining if the pthread_create exist failed with the following output:
Change Dir: /home/zx/CODE/ws0214/build_isolated/stiff/CMakeFiles/CMakeTmp

Run Build Command:"/usr/bin/ninja" "cmTC_55bfa"
[1/2] Building C object CMakeFiles/cmTC_55bfa.dir/CheckSymbolExists.c.o
[2/2] Linking C executable cmTC_55bfa
FAILED: cmTC_55bfa 
: && /usr/bin/cc     CMakeFiles/cmTC_55bfa.dir/CheckSymbolExists.c.o  -o cmTC_55bfa  -rdynamic && :
CMakeFiles/cmTC_55bfa.dir/CheckSymbolExists.c.o：在函数‘main’中：
CheckSymbolExists.c:(.text+0x16)：对‘pthread_create’未定义的引用
collect2: error: ld returned 1 exit status
ninja: build stopped: subcommand failed.

File /home/zx/CODE/ws0214/build_isolated/stiff/CMakeFiles/CMakeTmp/CheckSymbolExists.c:
/* */
#include <pthread.h>

int main(int argc, char** argv)
{
  (void)argv;
#ifndef pthread_create
  return ((int*)(&pthread_create))[argc];
#else
  (void)argc;
  return 0;
#endif
}

Determining if the function pthread_create exists in the pthreads failed with the following output:
Change Dir: /home/zx/CODE/ws0214/build_isolated/stiff/CMakeFiles/CMakeTmp

Run Build Command:"/usr/bin/ninja" "cmTC_3c7a6"
[1/2] Building C object CMakeFiles/cmTC_3c7a6.dir/CheckFunctionExists.c.o
[2/2] Linking C executable cmTC_3c7a6
FAILED: cmTC_3c7a6 
: && /usr/bin/cc  -DCHECK_FUNCTION_EXISTS=pthread_create   CMakeFiles/cmTC_3c7a6.dir/CheckFunctionExists.c.o  -o cmTC_3c7a6  -rdynamic -lpthreads && :
/usr/bin/ld: 找不到 -lpthreads
collect2: error: ld returned 1 exit status
ninja: build stopped: subcommand failed.


