Determining if the pthread_create exist failed with the following output:
Change Dir: /home/zx/CODE/ws0214/build_isolated/sensor_driver/CMakeFiles/CMakeTmp

Run Build Command:"/usr/bin/ninja" "cmTC_ec779"
[1/2] Building C object CMakeFiles/cmTC_ec779.dir/CheckSymbolExists.c.o
[2/2] Linking C executable cmTC_ec779
FAILED: cmTC_ec779 
: && /usr/bin/cc     CMakeFiles/cmTC_ec779.dir/CheckSymbolExists.c.o  -o cmTC_ec779  -rdynamic && :
CMakeFiles/cmTC_ec779.dir/CheckSymbolExists.c.o：在函数‘main’中：
CheckSymbolExists.c:(.text+0x16)：对‘pthread_create’未定义的引用
collect2: error: ld returned 1 exit status
ninja: build stopped: subcommand failed.

File /home/zx/CODE/ws0214/build_isolated/sensor_driver/CMakeFiles/CMakeTmp/CheckSymbolExists.c:
/* */
#include <pthread.h>

int main(int argc, char** argv)
{
  (void)argv;
#ifndef pthread_create
  return ((int*)(&pthread_create))[argc];
#else
  (void)argc;
  return 0;
#endif
}

Determining if the function pthread_create exists in the pthreads failed with the following output:
Change Dir: /home/zx/CODE/ws0214/build_isolated/sensor_driver/CMakeFiles/CMakeTmp

Run Build Command:"/usr/bin/ninja" "cmTC_db3c3"
[1/2] Building C object CMakeFiles/cmTC_db3c3.dir/CheckFunctionExists.c.o
[2/2] Linking C executable cmTC_db3c3
FAILED: cmTC_db3c3 
: && /usr/bin/cc  -DCHECK_FUNCTION_EXISTS=pthread_create   CMakeFiles/cmTC_db3c3.dir/CheckFunctionExists.c.o  -o cmTC_db3c3  -rdynamic -lpthreads && :
/usr/bin/ld: 找不到 -lpthreads
collect2: error: ld returned 1 exit status
ninja: build stopped: subcommand failed.


