Determining if the pthread_create exist failed with the following output:
Change Dir: /home/zx/CODE/ws0214/build_isolated/sensor_driver_msgs/CMakeFiles/CMakeTmp

Run Build Command:"/usr/bin/ninja" "cmTC_b4bee"
[1/2] Building C object CMakeFiles/cmTC_b4bee.dir/CheckSymbolExists.c.o
[2/2] Linking C executable cmTC_b4bee
FAILED: cmTC_b4bee 
: && /usr/bin/cc     CMakeFiles/cmTC_b4bee.dir/CheckSymbolExists.c.o  -o cmTC_b4bee  -rdynamic && :
CMakeFiles/cmTC_b4bee.dir/CheckSymbolExists.c.o：在函数‘main’中：
CheckSymbolExists.c:(.text+0x16)：对‘pthread_create’未定义的引用
collect2: error: ld returned 1 exit status
ninja: build stopped: subcommand failed.

File /home/zx/CODE/ws0214/build_isolated/sensor_driver_msgs/CMakeFiles/CMakeTmp/CheckSymbolExists.c:
/* */
#include <pthread.h>

int main(int argc, char** argv)
{
  (void)argv;
#ifndef pthread_create
  return ((int*)(&pthread_create))[argc];
#else
  (void)argc;
  return 0;
#endif
}

Determining if the function pthread_create exists in the pthreads failed with the following output:
Change Dir: /home/zx/CODE/ws0214/build_isolated/sensor_driver_msgs/CMakeFiles/CMakeTmp

Run Build Command:"/usr/bin/ninja" "cmTC_9e46a"
[1/2] Building C object CMakeFiles/cmTC_9e46a.dir/CheckFunctionExists.c.o
[2/2] Linking C executable cmTC_9e46a
FAILED: cmTC_9e46a 
: && /usr/bin/cc  -DCHECK_FUNCTION_EXISTS=pthread_create   CMakeFiles/cmTC_9e46a.dir/CheckFunctionExists.c.o  -o cmTC_9e46a  -rdynamic -lpthreads && :
/usr/bin/ld: 找不到 -lpthreads
collect2: error: ld returned 1 exit status
ninja: build stopped: subcommand failed.


